<?xml version="1.0" encoding="UTF-8"?>
<!-- Generated by org.testng.reporters.JUnitReportReporter -->
<testsuite hostname="Saibaba" name="UnitTests.SearchWord" tests="1" failures="0" timestamp="8 Sep 2015 02:54:31 GMT" time="26.405" errors="0">
  <testcase name="Facebook" time="26.405" classname="UnitTests.SearchWord"/>
</testsuite> <!-- UnitTests.SearchWord -->
